<?xml version="1.0" encoding="UTF-8"?>
<testsuite xmlns:xsi="http://www.w3.org/2001/XMLSchema-instance" xsi:noNamespaceSchemaLocation="https://maven.apache.org/surefire/maven-surefire-plugin/xsd/surefire-test-report.xsd" name="org.example.TwitterServiceTest" time="2.916" tests="2" errors="0" skipped="0" failures="0">
  <properties>
[...]
</properties>
  <testcase name="testPostTweet" classname="org.example.TwitterServiceTest" time="2.07"/>
  <testcase name="testTimeLine" classname="org.example.TwitterServiceTest" time="0.754"/>
</testsuite>